<?xml version="1.0" encoding="UTF-8"?>
<!-- Generated by org.testng.reporters.JUnitXMLReporter -->
<testsuite ignored="0" hostname="Z422" failures="0" tests="3" name="Default test" time="0.184" errors="0" timestamp="2022-05-02T22:07:21 IST">
  <testcase classname="AutoJenkins.CraeteContact$CreateOrgTest" name="orgTest" time="0.026"/>
  <testcase classname="AutoJenkins.CraeteContact$CreateOrgTest" name="orgTest1" time="0.003"/>
  <testcase classname="AutoJenkins.CraeteContact$CreateOrgTest" name="orgTest3" time="0.003"/>
</testsuite> <!-- Default test -->
